{"/Users/tahir/nestjs-jwts/src/app.module.ts": {"path":"/Users/tahir/nestjs-jwts/src/app.module.ts","statementMap":{"0":{"start":{"line":1,"column":0},"end":{"line":1,"column":40}},"1":{"start":{"line":2,"column":0},"end":{"line":2,"column":46}},"2":{"start":{"line":3,"column":0},"end":{"line":3,"column":41}},"3":{"start":{"line":4,"column":0},"end":{"line":4,"column":48}},"4":{"start":{"line":5,"column":0},"end":{"line":5,"column":42}},"5":{"start":{"line":6,"column":0},"end":{"line":6,"column":54}},"6":{"start":{"line":17,"column":7},"end":{"line":17,"column":null}},"7":{"start":{"line":17,"column":13},"end":{"line":17,"column":null}},"8":{"start":{"line":17,"column":13},"end":{"line":17,"column":22}}},"fnMap":{},"branchMap":{},"s":{"0":1,"1":1,"2":1,"3":1,"4":1,"5":1,"6":1,"7":1,"8":1},"f":{},"b":{}}
,"/Users/tahir/nestjs-jwts/src/auth/auth.controller.ts": {"path":"/Users/tahir/nestjs-jwts/src/auth/auth.controller.ts","statementMap":{"0":{"start":{"line":1,"column":0},"end":{"line":1,"column":null}},"1":{"start":{"line":10,"column":0},"end":{"line":10,"column":80}},"2":{"start":{"line":11,"column":0},"end":{"line":11,"column":43}},"3":{"start":{"line":12,"column":0},"end":{"line":12,"column":45}},"4":{"start":{"line":13,"column":0},"end":{"line":13,"column":32}},"5":{"start":{"line":17,"column":7},"end":{"line":50,"column":null}},"6":{"start":{"line":18,"column":22},"end":{"line":18,"column":35}},"7":{"start":{"line":24,"column":4},"end":{"line":24,"column":45}},"8":{"start":{"line":31,"column":4},"end":{"line":31,"column":45}},"9":{"start":{"line":37,"column":4},"end":{"line":37,"column":43}},"10":{"start":{"line":48,"column":4},"end":{"line":48,"column":64}},"11":{"start":{"line":20,"column":2},"end":{"line":25,"column":null}},"12":{"start":{"line":27,"column":2},"end":{"line":32,"column":null}},"13":{"start":{"line":34,"column":2},"end":{"line":38,"column":null}},"14":{"start":{"line":40,"column":2},"end":{"line":49,"column":null}},"15":{"start":{"line":17,"column":13},"end":{"line":50,"column":null}},"16":{"start":{"line":17,"column":13},"end":{"line":17,"column":27}}},"fnMap":{"0":{"name":"(anonymous_4)","decl":{"start":{"line":18,"column":2},"end":{"line":18,"column":22}},"loc":{"start":{"line":18,"column":46},"end":{"line":18,"column":50}}},"1":{"name":"(anonymous_5)","decl":{"start":{"line":23,"column":2},"end":{"line":23,"column":13}},"loc":{"start":{"line":23,"column":34},"end":{"line":25,"column":3}}},"2":{"name":"(anonymous_6)","decl":{"start":{"line":30,"column":2},"end":{"line":30,"column":13}},"loc":{"start":{"line":30,"column":34},"end":{"line":32,"column":3}}},"3":{"name":"(anonymous_7)","decl":{"start":{"line":36,"column":2},"end":{"line":36,"column":8}},"loc":{"start":{"line":36,"column":43},"end":{"line":38,"column":3}}},"4":{"name":"(anonymous_8)","decl":{"start":{"line":44,"column":2},"end":{"line":44,"column":15}},"loc":{"start":{"line":46,"column":56},"end":{"line":49,"column":3}}}},"branchMap":{},"s":{"0":1,"1":1,"2":1,"3":1,"4":1,"5":1,"6":1,"7":0,"8":0,"9":0,"10":0,"11":1,"12":1,"13":1,"14":1,"15":1,"16":1},"f":{"0":1,"1":0,"2":0,"3":0,"4":0},"b":{}}
,"/Users/tahir/nestjs-jwts/src/auth/auth.module.ts": {"path":"/Users/tahir/nestjs-jwts/src/auth/auth.module.ts","statementMap":{"0":{"start":{"line":1,"column":0},"end":{"line":1,"column":40}},"1":{"start":{"line":2,"column":0},"end":{"line":2,"column":40}},"2":{"start":{"line":4,"column":0},"end":{"line":4,"column":51}},"3":{"start":{"line":5,"column":0},"end":{"line":5,"column":45}},"4":{"start":{"line":6,"column":0},"end":{"line":6,"column":54}},"5":{"start":{"line":13,"column":7},"end":{"line":13,"column":null}},"6":{"start":{"line":13,"column":13},"end":{"line":13,"column":null}},"7":{"start":{"line":13,"column":13},"end":{"line":13,"column":23}}},"fnMap":{},"branchMap":{},"s":{"0":1,"1":1,"2":1,"3":1,"4":1,"5":1,"6":1,"7":1},"f":{},"b":{}}
,"/Users/tahir/nestjs-jwts/src/auth/auth.service.ts": {"path":"/Users/tahir/nestjs-jwts/src/auth/auth.service.ts","statementMap":{"0":{"start":{"line":1,"column":0},"end":{"line":1,"column":64}},"1":{"start":{"line":2,"column":0},"end":{"line":2,"column":47}},"2":{"start":{"line":3,"column":0},"end":{"line":3,"column":41}},"3":{"start":{"line":4,"column":0},"end":{"line":4,"column":71}},"4":{"start":{"line":5,"column":0},"end":{"line":5,"column":32}},"5":{"start":{"line":6,"column":0},"end":{"line":6,"column":57}},"6":{"start":{"line":12,"column":7},"end":{"line":128,"column":null}},"7":{"start":{"line":14,"column":12},"end":{"line":14,"column":20}},"8":{"start":{"line":15,"column":12},"end":{"line":15,"column":24}},"9":{"start":{"line":16,"column":12},"end":{"line":16,"column":20}},"10":{"start":{"line":20,"column":17},"end":{"line":20,"column":47}},"11":{"start":{"line":22,"column":17},"end":{"line":36,"column":8}},"12":{"start":{"line":30,"column":8},"end":{"line":34,"column":null}},"13":{"start":{"line":31,"column":10},"end":{"line":33,"column":null}},"14":{"start":{"line":32,"column":12},"end":{"line":32,"column":66}},"15":{"start":{"line":35,"column":8},"end":{"line":35,"column":20}},"16":{"start":{"line":38,"column":19},"end":{"line":38,"column":60}},"17":{"start":{"line":39,"column":4},"end":{"line":39,"column":59}},"18":{"start":{"line":41,"column":4},"end":{"line":41,"column":18}},"19":{"start":{"line":45,"column":17},"end":{"line":49,"column":6}},"20":{"start":{"line":51,"column":4},"end":{"line":51,"column":61}},"21":{"start":{"line":51,"column":15},"end":{"line":51,"column":61}},"22":{"start":{"line":53,"column":28},"end":{"line":53,"column":71}},"23":{"start":{"line":54,"column":4},"end":{"line":54,"column":72}},"24":{"start":{"line":54,"column":26},"end":{"line":54,"column":72}},"25":{"start":{"line":56,"column":19},"end":{"line":56,"column":60}},"26":{"start":{"line":57,"column":4},"end":{"line":57,"column":59}},"27":{"start":{"line":59,"column":4},"end":{"line":59,"column":18}},"28":{"start":{"line":63,"column":4},"end":{"line":73,"column":7}},"29":{"start":{"line":74,"column":4},"end":{"line":74,"column":16}},"30":{"start":{"line":78,"column":17},"end":{"line":82,"column":6}},"31":{"start":{"line":83,"column":4},"end":{"line":83,"column":79}},"32":{"start":{"line":83,"column":33},"end":{"line":83,"column":79}},"33":{"start":{"line":85,"column":22},"end":{"line":85,"column":59}},"34":{"start":{"line":86,"column":4},"end":{"line":86,"column":66}},"35":{"start":{"line":86,"column":20},"end":{"line":86,"column":66}},"36":{"start":{"line":88,"column":19},"end":{"line":88,"column":60}},"37":{"start":{"line":89,"column":4},"end":{"line":89,"column":59}},"38":{"start":{"line":91,"column":4},"end":{"line":91,"column":18}},"39":{"start":{"line":95,"column":17},"end":{"line":95,"column":37}},"40":{"start":{"line":96,"column":4},"end":{"line":103,"column":7}},"41":{"start":{"line":107,"column":35},"end":{"line":110,"column":6}},"42":{"start":{"line":112,"column":21},"end":{"line":121,"column":6}},"43":{"start":{"line":123,"column":4},"end":{"line":126,"column":6}},"44":{"start":{"line":12,"column":13},"end":{"line":128,"column":null}},"45":{"start":{"line":12,"column":13},"end":{"line":12,"column":24}}},"fnMap":{"0":{"name":"(anonymous_2)","decl":{"start":{"line":13,"column":2},"end":{"line":13,"column":null}},"loc":{"start":{"line":16,"column":33},"end":{"line":17,"column":6}}},"1":{"name":"(anonymous_3)","decl":{"start":{"line":19,"column":2},"end":{"line":19,"column":7}},"loc":{"start":{"line":19,"column":32},"end":{"line":42,"column":3}}},"2":{"name":"(anonymous_4)","decl":{"start":{"line":29,"column":13},"end":{"line":29,"column":14}},"loc":{"start":{"line":29,"column":23},"end":{"line":36,"column":7}}},"3":{"name":"(anonymous_5)","decl":{"start":{"line":44,"column":2},"end":{"line":44,"column":7}},"loc":{"start":{"line":44,"column":32},"end":{"line":60,"column":3}}},"4":{"name":"(anonymous_6)","decl":{"start":{"line":62,"column":2},"end":{"line":62,"column":7}},"loc":{"start":{"line":62,"column":29},"end":{"line":75,"column":3}}},"5":{"name":"(anonymous_7)","decl":{"start":{"line":77,"column":2},"end":{"line":77,"column":7}},"loc":{"start":{"line":77,"column":48},"end":{"line":92,"column":3}}},"6":{"name":"(anonymous_8)","decl":{"start":{"line":94,"column":2},"end":{"line":94,"column":7}},"loc":{"start":{"line":94,"column":47},"end":{"line":104,"column":3}}},"7":{"name":"(anonymous_9)","decl":{"start":{"line":106,"column":2},"end":{"line":106,"column":7}},"loc":{"start":{"line":106,"column":47},"end":{"line":127,"column":3}}}},"branchMap":{"0":{"loc":{"start":{"line":30,"column":8},"end":{"line":34,"column":null}},"type":"if","locations":[{"start":{"line":30,"column":8},"end":{"line":34,"column":null}}]},"1":{"loc":{"start":{"line":31,"column":10},"end":{"line":33,"column":null}},"type":"if","locations":[{"start":{"line":31,"column":10},"end":{"line":33,"column":null}}]},"2":{"loc":{"start":{"line":51,"column":4},"end":{"line":51,"column":61}},"type":"if","locations":[{"start":{"line":51,"column":4},"end":{"line":51,"column":61}}]},"3":{"loc":{"start":{"line":54,"column":4},"end":{"line":54,"column":72}},"type":"if","locations":[{"start":{"line":54,"column":4},"end":{"line":54,"column":72}}]},"4":{"loc":{"start":{"line":83,"column":4},"end":{"line":83,"column":79}},"type":"if","locations":[{"start":{"line":83,"column":4},"end":{"line":83,"column":79}}]},"5":{"loc":{"start":{"line":83,"column":8},"end":{"line":83,"column":31}},"type":"binary-expr","locations":[{"start":{"line":83,"column":8},"end":{"line":83,"column":13}},{"start":{"line":83,"column":17},"end":{"line":83,"column":31}}]},"6":{"loc":{"start":{"line":86,"column":4},"end":{"line":86,"column":66}},"type":"if","locations":[{"start":{"line":86,"column":4},"end":{"line":86,"column":66}}]}},"s":{"0":1,"1":1,"2":1,"3":1,"4":1,"5":1,"6":1,"7":1,"8":1,"9":1,"10":7,"11":7,"12":1,"13":1,"14":1,"15":0,"16":6,"17":6,"18":6,"19":3,"20":3,"21":1,"22":2,"23":2,"24":1,"25":1,"26":1,"27":1,"28":3,"29":3,"30":4,"31":4,"32":2,"33":2,"34":2,"35":1,"36":1,"37":1,"38":1,"39":8,"40":8,"41":8,"42":8,"43":8,"44":1,"45":1},"f":{"0":1,"1":7,"2":1,"3":3,"4":3,"5":4,"6":8,"7":8},"b":{"0":[1],"1":[1],"2":[1],"3":[1],"4":[2],"5":[4,3],"6":[1]}}
,"/Users/tahir/nestjs-jwts/src/auth/dto/auth.dto.ts": {"path":"/Users/tahir/nestjs-jwts/src/auth/dto/auth.dto.ts","statementMap":{"0":{"start":{"line":1,"column":0},"end":{"line":1,"column":64}},"1":{"start":{"line":4,"column":2},"end":{"line":6,"column":null}},"2":{"start":{"line":8,"column":2},"end":{"line":10,"column":null}},"3":{"start":{"line":3,"column":0},"end":{"line":3,"column":13}}},"fnMap":{},"branchMap":{},"s":{"0":1,"1":1,"2":1,"3":1},"f":{},"b":{}}
,"/Users/tahir/nestjs-jwts/src/auth/dto/index.ts": {"path":"/Users/tahir/nestjs-jwts/src/auth/dto/index.ts","statementMap":{"0":{"start":{"line":1,"column":0},"end":{"line":1,"column":27}}},"fnMap":{},"branchMap":{},"s":{"0":1},"f":{},"b":{}}
,"/Users/tahir/nestjs-jwts/src/auth/strategies/at.strategy.ts": {"path":"/Users/tahir/nestjs-jwts/src/auth/strategies/at.strategy.ts","statementMap":{"0":{"start":{"line":1,"column":0},"end":{"line":1,"column":44}},"1":{"start":{"line":2,"column":0},"end":{"line":2,"column":47}},"2":{"start":{"line":3,"column":0},"end":{"line":3,"column":52}},"3":{"start":{"line":4,"column":0},"end":{"line":4,"column":52}},"4":{"start":{"line":8,"column":7},"end":{"line":19,"column":null}},"5":{"start":{"line":10,"column":4},"end":{"line":13,"column":7}},"6":{"start":{"line":17,"column":4},"end":{"line":17,"column":19}},"7":{"start":{"line":8,"column":13},"end":{"line":19,"column":null}},"8":{"start":{"line":8,"column":13},"end":{"line":8,"column":23}}},"fnMap":{"0":{"name":"(anonymous_2)","decl":{"start":{"line":9,"column":2},"end":{"line":9,"column":14}},"loc":{"start":{"line":9,"column":35},"end":{"line":14,"column":3}}},"1":{"name":"(anonymous_3)","decl":{"start":{"line":16,"column":2},"end":{"line":16,"column":10}},"loc":{"start":{"line":16,"column":30},"end":{"line":18,"column":3}}}},"branchMap":{},"s":{"0":1,"1":1,"2":1,"3":1,"4":1,"5":1,"6":0,"7":1,"8":1},"f":{"0":1,"1":0},"b":{}}
,"/Users/tahir/nestjs-jwts/src/auth/strategies/index.ts": {"path":"/Users/tahir/nestjs-jwts/src/auth/strategies/index.ts","statementMap":{"0":{"start":{"line":1,"column":0},"end":{"line":1,"column":30}},"1":{"start":{"line":2,"column":0},"end":{"line":2,"column":30}}},"fnMap":{},"branchMap":{},"s":{"0":1,"1":1},"f":{},"b":{}}
,"/Users/tahir/nestjs-jwts/src/auth/strategies/rt.strategy.ts": {"path":"/Users/tahir/nestjs-jwts/src/auth/strategies/rt.strategy.ts","statementMap":{"0":{"start":{"line":1,"column":0},"end":{"line":1,"column":52}},"1":{"start":{"line":2,"column":0},"end":{"line":2,"column":52}},"2":{"start":{"line":4,"column":0},"end":{"line":4,"column":64}},"3":{"start":{"line":5,"column":0},"end":{"line":5,"column":47}},"4":{"start":{"line":9,"column":7},"end":{"line":31,"column":null}},"5":{"start":{"line":11,"column":4},"end":{"line":15,"column":7}},"6":{"start":{"line":19,"column":25},"end":{"line":22,"column":13}},"7":{"start":{"line":24,"column":4},"end":{"line":24,"column":79}},"8":{"start":{"line":24,"column":23},"end":{"line":24,"column":79}},"9":{"start":{"line":26,"column":4},"end":{"line":28,"column":null}},"10":{"start":{"line":9,"column":13},"end":{"line":31,"column":null}},"11":{"start":{"line":9,"column":13},"end":{"line":9,"column":23}}},"fnMap":{"0":{"name":"(anonymous_2)","decl":{"start":{"line":10,"column":2},"end":{"line":10,"column":14}},"loc":{"start":{"line":10,"column":35},"end":{"line":16,"column":3}}},"1":{"name":"(anonymous_3)","decl":{"start":{"line":18,"column":2},"end":{"line":18,"column":10}},"loc":{"start":{"line":18,"column":44},"end":{"line":30,"column":3}}}},"branchMap":{"0":{"loc":{"start":{"line":19,"column":25},"end":{"line":22,"column":13}},"type":"cond-expr","locations":[{"start":{"line":20,"column":28},"end":{"line":20,"column":null}},{"start":{"line":20,"column":28},"end":{"line":22,"column":13}}]},"1":{"loc":{"start":{"line":19,"column":25},"end":{"line":20,"column":null}},"type":"binary-expr","locations":[{"start":{"line":19,"column":25},"end":{"line":20,"column":null}},{"start":{"line":20,"column":28},"end":{"line":20,"column":null}}]},"2":{"loc":{"start":{"line":19,"column":25},"end":{"line":20,"column":28}},"type":"cond-expr","locations":[{"start":{"line":19,"column":28},"end":{"line":19,"column":null}},{"start":{"line":19,"column":25},"end":{"line":20,"column":28}}]},"3":{"loc":{"start":{"line":19,"column":25},"end":{"line":19,"column":null}},"type":"binary-expr","locations":[{"start":{"line":19,"column":25},"end":{"line":19,"column":null}},{"start":{"line":19,"column":25},"end":{"line":19,"column":null}}]},"4":{"loc":{"start":{"line":24,"column":4},"end":{"line":24,"column":79}},"type":"if","locations":[{"start":{"line":24,"column":4},"end":{"line":24,"column":79}}]}},"s":{"0":1,"1":1,"2":1,"3":1,"4":1,"5":1,"6":0,"7":0,"8":0,"9":0,"10":1,"11":1},"f":{"0":1,"1":0},"b":{"0":[0,0],"1":[0,0],"2":[0,0],"3":[0,0],"4":[0]}}
,"/Users/tahir/nestjs-jwts/src/common/decorators/get-current-user-id.decorator.ts": {"path":"/Users/tahir/nestjs-jwts/src/common/decorators/get-current-user-id.decorator.ts","statementMap":{"0":{"start":{"line":1,"column":0},"end":{"line":1,"column":72}},"1":{"start":{"line":3,"column":13},"end":{"line":8,"column":2}},"2":{"start":{"line":5,"column":20},"end":{"line":5,"column":55}},"3":{"start":{"line":6,"column":4},"end":{"line":6,"column":31}}},"fnMap":{"0":{"name":"(anonymous_0)","decl":{"start":{"line":4,"column":2},"end":{"line":4,"column":3}},"loc":{"start":{"line":4,"column":49},"end":{"line":7,"column":3}}}},"branchMap":{},"s":{"0":1,"1":1,"2":0,"3":0},"f":{"0":0},"b":{}}
,"/Users/tahir/nestjs-jwts/src/common/decorators/get-current-user.decorator.ts": {"path":"/Users/tahir/nestjs-jwts/src/common/decorators/get-current-user.decorator.ts","statementMap":{"0":{"start":{"line":1,"column":0},"end":{"line":1,"column":72}},"1":{"start":{"line":4,"column":13},"end":{"line":10,"column":2}},"2":{"start":{"line":6,"column":20},"end":{"line":6,"column":55}},"3":{"start":{"line":7,"column":4},"end":{"line":7,"column":35}},"4":{"start":{"line":7,"column":15},"end":{"line":7,"column":35}},"5":{"start":{"line":8,"column":4},"end":{"line":8,"column":30}}},"fnMap":{"0":{"name":"(anonymous_0)","decl":{"start":{"line":5,"column":2},"end":{"line":5,"column":3}},"loc":{"start":{"line":5,"column":74},"end":{"line":9,"column":3}}}},"branchMap":{"0":{"loc":{"start":{"line":7,"column":4},"end":{"line":7,"column":35}},"type":"if","locations":[{"start":{"line":7,"column":4},"end":{"line":7,"column":35}}]}},"s":{"0":1,"1":1,"2":0,"3":0,"4":0,"5":0},"f":{"0":0},"b":{"0":[0]}}
,"/Users/tahir/nestjs-jwts/src/common/decorators/index.ts": {"path":"/Users/tahir/nestjs-jwts/src/common/decorators/index.ts","statementMap":{"0":{"start":{"line":1,"column":0},"end":{"line":1,"column":48}},"1":{"start":{"line":2,"column":0},"end":{"line":2,"column":45}},"2":{"start":{"line":3,"column":0},"end":{"line":3,"column":34}}},"fnMap":{},"branchMap":{},"s":{"0":1,"1":1,"2":1},"f":{},"b":{}}
,"/Users/tahir/nestjs-jwts/src/common/decorators/publc.decorator.ts": {"path":"/Users/tahir/nestjs-jwts/src/common/decorators/publc.decorator.ts","statementMap":{"0":{"start":{"line":1,"column":0},"end":{"line":1,"column":45}},"1":{"start":{"line":3,"column":22},"end":{"line":3,"column":57}},"2":{"start":{"line":3,"column":28},"end":{"line":3,"column":57}},"3":{"start":{"line":3,"column":13},"end":{"line":3,"column":22}}},"fnMap":{"0":{"name":"(anonymous_0)","decl":{"start":{"line":3,"column":22},"end":{"line":3,"column":25}},"loc":{"start":{"line":3,"column":28},"end":{"line":3,"column":57}}}},"branchMap":{},"s":{"0":1,"1":1,"2":3,"3":1},"f":{"0":3},"b":{}}
,"/Users/tahir/nestjs-jwts/src/common/guards/at.guards.ts": {"path":"/Users/tahir/nestjs-jwts/src/common/guards/at.guards.ts","statementMap":{"0":{"start":{"line":1,"column":0},"end":{"line":1,"column":62}},"1":{"start":{"line":2,"column":0},"end":{"line":2,"column":41}},"2":{"start":{"line":3,"column":0},"end":{"line":3,"column":45}},"3":{"start":{"line":7,"column":7},"end":{"line":23,"column":null}},"4":{"start":{"line":9,"column":4},"end":{"line":9,"column":12}},"5":{"start":{"line":8,"column":22},"end":{"line":8,"column":33}},"6":{"start":{"line":15,"column":21},"end":{"line":18,"column":6}},"7":{"start":{"line":19,"column":4},"end":{"line":19,"column":30}},"8":{"start":{"line":19,"column":18},"end":{"line":19,"column":30}},"9":{"start":{"line":21,"column":4},"end":{"line":21,"column":38}},"10":{"start":{"line":7,"column":13},"end":{"line":23,"column":null}},"11":{"start":{"line":7,"column":13},"end":{"line":7,"column":20}}},"fnMap":{"0":{"name":"(anonymous_2)","decl":{"start":{"line":8,"column":2},"end":{"line":8,"column":22}},"loc":{"start":{"line":8,"column":42},"end":{"line":10,"column":3}}},"1":{"name":"(anonymous_3)","decl":{"start":{"line":12,"column":2},"end":{"line":12,"column":13}},"loc":{"start":{"line":13,"column":29},"end":{"line":22,"column":3}}}},"branchMap":{"0":{"loc":{"start":{"line":19,"column":4},"end":{"line":19,"column":30}},"type":"if","locations":[{"start":{"line":19,"column":4},"end":{"line":19,"column":30}}]}},"s":{"0":1,"1":1,"2":1,"3":1,"4":1,"5":1,"6":0,"7":0,"8":0,"9":0,"10":1,"11":1},"f":{"0":1,"1":0},"b":{"0":[0]}}
,"/Users/tahir/nestjs-jwts/src/common/guards/index.ts": {"path":"/Users/tahir/nestjs-jwts/src/common/guards/index.ts","statementMap":{"0":{"start":{"line":1,"column":0},"end":{"line":1,"column":28}},"1":{"start":{"line":2,"column":0},"end":{"line":2,"column":28}}},"fnMap":{},"branchMap":{},"s":{"0":1,"1":1},"f":{},"b":{}}
,"/Users/tahir/nestjs-jwts/src/common/guards/rt.guards.ts": {"path":"/Users/tahir/nestjs-jwts/src/common/guards/rt.guards.ts","statementMap":{"0":{"start":{"line":1,"column":0},"end":{"line":1,"column":45}},"1":{"start":{"line":5,"column":4},"end":{"line":5,"column":12}},"2":{"start":{"line":3,"column":0},"end":{"line":3,"column":13}}},"fnMap":{"0":{"name":"(anonymous_0)","decl":{"start":{"line":4,"column":2},"end":{"line":4,"column":null}},"loc":{"start":{"line":4,"column":2},"end":{"line":6,"column":3}}}},"branchMap":{},"s":{"0":1,"1":1,"2":1},"f":{"0":1},"b":{}}
,"/Users/tahir/nestjs-jwts/src/prisma/prisma.module.ts": {"path":"/Users/tahir/nestjs-jwts/src/prisma/prisma.module.ts","statementMap":{"0":{"start":{"line":1,"column":0},"end":{"line":1,"column":48}},"1":{"start":{"line":2,"column":0},"end":{"line":2,"column":49}},"2":{"start":{"line":9,"column":7},"end":{"line":9,"column":null}},"3":{"start":{"line":9,"column":13},"end":{"line":9,"column":null}},"4":{"start":{"line":9,"column":13},"end":{"line":9,"column":25}}},"fnMap":{},"branchMap":{},"s":{"0":1,"1":1,"2":1,"3":1,"4":1},"f":{},"b":{}}
,"/Users/tahir/nestjs-jwts/src/prisma/prisma.service.ts": {"path":"/Users/tahir/nestjs-jwts/src/prisma/prisma.service.ts","statementMap":{"0":{"start":{"line":1,"column":0},"end":{"line":1,"column":75}},"1":{"start":{"line":2,"column":0},"end":{"line":2,"column":46}},"2":{"start":{"line":3,"column":0},"end":{"line":3,"column":47}},"3":{"start":{"line":6,"column":7},"end":{"line":33,"column":null}},"4":{"start":{"line":11,"column":4},"end":{"line":17,"column":7}},"5":{"start":{"line":21,"column":4},"end":{"line":21,"column":26}},"6":{"start":{"line":24,"column":4},"end":{"line":24,"column":29}},"7":{"start":{"line":28,"column":4},"end":{"line":28,"column":54}},"8":{"start":{"line":28,"column":47},"end":{"line":28,"column":54}},"9":{"start":{"line":31,"column":4},"end":{"line":31,"column":55}},"10":{"start":{"line":6,"column":13},"end":{"line":33,"column":null}},"11":{"start":{"line":6,"column":13},"end":{"line":6,"column":26}}},"fnMap":{"0":{"name":"(anonymous_2)","decl":{"start":{"line":10,"column":2},"end":{"line":10,"column":14}},"loc":{"start":{"line":10,"column":35},"end":{"line":18,"column":3}}},"1":{"name":"(anonymous_3)","decl":{"start":{"line":20,"column":2},"end":{"line":20,"column":7}},"loc":{"start":{"line":20,"column":20},"end":{"line":22,"column":3}}},"2":{"name":"(anonymous_4)","decl":{"start":{"line":23,"column":2},"end":{"line":23,"column":7}},"loc":{"start":{"line":23,"column":23},"end":{"line":25,"column":3}}},"3":{"name":"(anonymous_5)","decl":{"start":{"line":27,"column":2},"end":{"line":27,"column":7}},"loc":{"start":{"line":27,"column":21},"end":{"line":32,"column":3}}}},"branchMap":{"0":{"loc":{"start":{"line":28,"column":4},"end":{"line":28,"column":54}},"type":"if","locations":[{"start":{"line":28,"column":4},"end":{"line":28,"column":54}}]}},"s":{"0":1,"1":1,"2":1,"3":1,"4":1,"5":0,"6":1,"7":6,"8":0,"9":6,"10":1,"11":1},"f":{"0":1,"1":0,"2":1,"3":6},"b":{"0":[0]}}
}
