TN:
SF:src/app.module.ts
FNF:0
FNH:0
DA:1,1
DA:2,1
DA:3,1
DA:4,1
DA:5,1
DA:6,1
DA:17,1
LF:7
LH:7
BRF:0
BRH:0
end_of_record
TN:
SF:src/auth/auth.controller.ts
FN:18,(anonymous_4)
FN:23,(anonymous_5)
FN:30,(anonymous_6)
FN:36,(anonymous_7)
FN:44,(anonymous_8)
FNF:5
FNH:1
FNDA:1,(anonymous_4)
FNDA:0,(anonymous_5)
FNDA:0,(anonymous_6)
FNDA:0,(anonymous_7)
FNDA:0,(anonymous_8)
DA:1,1
DA:10,1
DA:11,1
DA:12,1
DA:13,1
DA:17,1
DA:18,1
DA:20,1
DA:24,0
DA:27,1
DA:31,0
DA:34,1
DA:37,0
DA:40,1
DA:48,0
LF:15
LH:11
BRF:0
BRH:0
end_of_record
TN:
SF:src/auth/auth.module.ts
FNF:0
FNH:0
DA:1,1
DA:2,1
DA:4,1
DA:5,1
DA:6,1
DA:13,1
LF:6
LH:6
BRF:0
BRH:0
end_of_record
TN:
SF:src/auth/auth.service.ts
FN:13,(anonymous_2)
FN:19,(anonymous_3)
FN:29,(anonymous_4)
FN:44,(anonymous_5)
FN:62,(anonymous_6)
FN:77,(anonymous_7)
FN:94,(anonymous_8)
FN:106,(anonymous_9)
FNF:8
FNH:8
FNDA:1,(anonymous_2)
FNDA:7,(anonymous_3)
FNDA:1,(anonymous_4)
FNDA:3,(anonymous_5)
FNDA:3,(anonymous_6)
FNDA:4,(anonymous_7)
FNDA:8,(anonymous_8)
FNDA:8,(anonymous_9)
DA:1,1
DA:2,1
DA:3,1
DA:4,1
DA:5,1
DA:6,1
DA:12,1
DA:14,1
DA:15,1
DA:16,1
DA:20,7
DA:22,7
DA:30,1
DA:31,1
DA:32,1
DA:35,0
DA:38,6
DA:39,6
DA:41,6
DA:45,3
DA:51,3
DA:53,2
DA:54,2
DA:56,1
DA:57,1
DA:59,1
DA:63,3
DA:74,3
DA:78,4
DA:83,4
DA:85,2
DA:86,2
DA:88,1
DA:89,1
DA:91,1
DA:95,8
DA:96,8
DA:107,8
DA:112,8
DA:123,8
LF:40
LH:39
BRDA:30,0,0,1
BRDA:31,1,0,1
BRDA:51,2,0,1
BRDA:54,3,0,1
BRDA:83,4,0,2
BRDA:83,5,0,4
BRDA:83,5,1,3
BRDA:86,6,0,1
BRF:8
BRH:8
end_of_record
TN:
SF:src/auth/dto/auth.dto.ts
FNF:0
FNH:0
DA:1,1
DA:3,1
DA:4,1
DA:8,1
LF:4
LH:4
BRF:0
BRH:0
end_of_record
TN:
SF:src/auth/dto/index.ts
FNF:0
FNH:0
DA:1,1
LF:1
LH:1
BRF:0
BRH:0
end_of_record
TN:
SF:src/auth/strategies/at.strategy.ts
FN:9,(anonymous_2)
FN:16,(anonymous_3)
FNF:2
FNH:1
FNDA:1,(anonymous_2)
FNDA:0,(anonymous_3)
DA:1,1
DA:2,1
DA:3,1
DA:4,1
DA:8,1
DA:10,1
DA:17,0
LF:7
LH:6
BRF:0
BRH:0
end_of_record
TN:
SF:src/auth/strategies/index.ts
FNF:0
FNH:0
DA:1,1
DA:2,1
LF:2
LH:2
BRF:0
BRH:0
end_of_record
TN:
SF:src/auth/strategies/rt.strategy.ts
FN:10,(anonymous_2)
FN:18,(anonymous_3)
FNF:2
FNH:1
FNDA:1,(anonymous_2)
FNDA:0,(anonymous_3)
DA:1,1
DA:2,1
DA:4,1
DA:5,1
DA:9,1
DA:11,1
DA:19,0
DA:24,0
DA:26,0
LF:9
LH:6
BRDA:19,0,0,0
BRDA:19,0,1,0
BRDA:19,1,0,0
BRDA:19,1,1,0
BRDA:19,2,0,0
BRDA:19,2,1,0
BRDA:19,3,0,0
BRDA:19,3,1,0
BRDA:24,4,0,0
BRF:9
BRH:0
end_of_record
TN:
SF:src/common/decorators/get-current-user-id.decorator.ts
FN:4,(anonymous_0)
FNF:1
FNH:0
FNDA:0,(anonymous_0)
DA:1,1
DA:3,1
DA:5,0
DA:6,0
LF:4
LH:2
BRF:0
BRH:0
end_of_record
TN:
SF:src/common/decorators/get-current-user.decorator.ts
FN:5,(anonymous_0)
FNF:1
FNH:0
FNDA:0,(anonymous_0)
DA:1,1
DA:4,1
DA:6,0
DA:7,0
DA:8,0
LF:5
LH:2
BRDA:7,0,0,0
BRF:1
BRH:0
end_of_record
TN:
SF:src/common/decorators/index.ts
FNF:0
FNH:0
DA:1,1
DA:2,1
DA:3,1
LF:3
LH:3
BRF:0
BRH:0
end_of_record
TN:
SF:src/common/decorators/publc.decorator.ts
FN:3,(anonymous_0)
FNF:1
FNH:1
FNDA:3,(anonymous_0)
DA:1,1
DA:3,3
LF:2
LH:2
BRF:0
BRH:0
end_of_record
TN:
SF:src/common/guards/at.guards.ts
FN:8,(anonymous_2)
FN:12,(anonymous_3)
FNF:2
FNH:1
FNDA:1,(anonymous_2)
FNDA:0,(anonymous_3)
DA:1,1
DA:2,1
DA:3,1
DA:7,1
DA:8,1
DA:9,1
DA:15,0
DA:19,0
DA:21,0
LF:9
LH:6
BRDA:19,0,0,0
BRF:1
BRH:0
end_of_record
TN:
SF:src/common/guards/index.ts
FNF:0
FNH:0
DA:1,1
DA:2,1
LF:2
LH:2
BRF:0
BRH:0
end_of_record
TN:
SF:src/common/guards/rt.guards.ts
FN:4,(anonymous_0)
FNF:1
FNH:1
FNDA:1,(anonymous_0)
DA:1,1
DA:3,1
DA:5,1
LF:3
LH:3
BRF:0
BRH:0
end_of_record
TN:
SF:src/prisma/prisma.module.ts
FNF:0
FNH:0
DA:1,1
DA:2,1
DA:9,1
LF:3
LH:3
BRF:0
BRH:0
end_of_record
TN:
SF:src/prisma/prisma.service.ts
FN:10,(anonymous_2)
FN:20,(anonymous_3)
FN:23,(anonymous_4)
FN:27,(anonymous_5)
FNF:4
FNH:3
FNDA:1,(anonymous_2)
FNDA:0,(anonymous_3)
FNDA:1,(anonymous_4)
FNDA:6,(anonymous_5)
DA:1,1
DA:2,1
DA:3,1
DA:6,1
DA:11,1
DA:21,0
DA:24,1
DA:28,6
DA:31,6
LF:9
LH:8
BRDA:28,0,0,0
BRF:1
BRH:0
end_of_record
